app/build/intermediates/manifest_merge_blame_file/debug/manifest-merger-blame-debug-report.txt
1<?xml version="1.0" encoding="utf-8"?>
2<manifest xmlns:android="http://schemas.android.com/apk/res/android"
3    package="com.example.icecom_2019111635"
4    android:versionCode="1"
5    android:versionName="1.0" >
6
7    <uses-sdk
8        android:minSdkVersion="23"
8-->src\main\AndroidManifest.xml
9        android:targetSdkVersion="31" />
9-->src\main\AndroidManifest.xml
10    <!--
11         The ACCESS_COARSE/FINE_LOCATION permissions are not required to use
12         Google Maps Android API v2, but you must specify either coarse or fine
13         location permissions for the "MyLocation" functionality.
14    -->
15    <uses-permission android:name="android.permission.ACCESS_FINE_LOCATION" />
15-->src\main\AndroidManifest.xml:9:5-79
15-->src\main\AndroidManifest.xml:9:22-76
16
17    <!-- Include required permissions for Google Maps API to run. -->
18    <uses-permission android:name="android.permission.ACCESS_NETWORK_STATE" />
18-->[com.google.android.gms:play-services-maps:18.0.0] AndroidManifest.xml:23:5-79
18-->[com.google.android.gms:play-services-maps:18.0.0] AndroidManifest.xml:23:22-76
19    <uses-permission android:name="android.permission.INTERNET" />
19-->[com.google.android.gms:play-services-maps:18.0.0] AndroidManifest.xml:24:5-67
19-->[com.google.android.gms:play-services-maps:18.0.0] AndroidManifest.xml:24:22-64
20
21    <uses-feature
21-->[com.google.android.gms:play-services-maps:18.0.0] AndroidManifest.xml:26:5-28:35
22        android:glEsVersion="0x00020000"
22-->[com.google.android.gms:play-services-maps:18.0.0] AndroidManifest.xml:27:9-41
23        android:required="true" />
23-->[com.google.android.gms:play-services-maps:18.0.0] AndroidManifest.xml:28:9-32
24
25    <queries>
25-->[com.google.android.gms:play-services-maps:18.0.0] AndroidManifest.xml:30:5-34:15
26
27        <!-- Needs to be explicitly declared on Android R+ -->
28        <package android:name="com.google.android.apps.maps" />
28-->[com.google.android.gms:play-services-maps:18.0.0] AndroidManifest.xml:33:9-64
28-->[com.google.android.gms:play-services-maps:18.0.0] AndroidManifest.xml:33:18-61
29    </queries>
30
31    <application
31-->src\main\AndroidManifest.xml:11:5-52:19
32        android:allowBackup="true"
32-->src\main\AndroidManifest.xml:12:9-35
33        android:appComponentFactory="androidx.core.app.CoreComponentFactory"
33-->[androidx.core:core:1.7.0] AndroidManifest.xml:24:18-86
34        android:debuggable="true"
35        android:extractNativeLibs="false"
36        android:icon="@mipmap/ic_launcher"
36-->src\main\AndroidManifest.xml:13:9-43
37        android:label="@string/app_name"
37-->src\main\AndroidManifest.xml:14:9-41
38        android:roundIcon="@mipmap/ic_launcher_round"
38-->src\main\AndroidManifest.xml:15:9-54
39        android:supportsRtl="true"
39-->src\main\AndroidManifest.xml:16:9-35
40        android:testOnly="true"
41        android:theme="@style/Theme.AppCompat.Light.NoActionBar" >
41-->src\main\AndroidManifest.xml:17:9-65
42        <activity
42-->src\main\AndroidManifest.xml:18:9-20:39
43            android:name="com.example.icecom_2019111635.Favorite"
43-->src\main\AndroidManifest.xml:19:13-37
44            android:exported="true" />
44-->src\main\AndroidManifest.xml:20:13-36
45        <activity
45-->src\main\AndroidManifest.xml:21:9-23:39
46            android:name="com.example.icecom_2019111635.CustomerService"
46-->src\main\AndroidManifest.xml:22:13-44
47            android:exported="true" />
47-->src\main\AndroidManifest.xml:23:13-36
48        <!--
49             The API key for Google Maps-based APIs is defined as a string resource.
50             (See the file "res/values/google_maps_api.xml").
51             Note that the API key is linked to the encryption key used to sign the APK.
52             You need a different API key for each encryption key, including the release key that is used to
53             sign the APK for publishing.
54             You can define the keys for the debug and release targets in src/debug/ and src/release/.
55        -->
56        <meta-data
56-->src\main\AndroidManifest.xml:32:9-34:71
57            android:name="com.google.android.geo.API_KEY"
57-->src\main\AndroidManifest.xml:33:13-58
58            android:value="AIzaSyBQxY9kN8pTBAYskxA96Zt34mRsbaKu2ZY" />
58-->src\main\AndroidManifest.xml:34:13-68
59
60        <activity
60-->src\main\AndroidManifest.xml:36:9-39:59
61            android:name="com.example.icecom_2019111635.MapsActivity"
61-->src\main\AndroidManifest.xml:37:13-41
62            android:exported="true"
62-->src\main\AndroidManifest.xml:38:13-36
63            android:label="@string/title_activity_maps" />
63-->src\main\AndroidManifest.xml:39:13-56
64        <activity
64-->src\main\AndroidManifest.xml:40:9-42:39
65            android:name="com.example.icecom_2019111635.MainActivity2"
65-->src\main\AndroidManifest.xml:41:13-42
66            android:exported="true" />
66-->src\main\AndroidManifest.xml:42:13-36
67        <activity
67-->src\main\AndroidManifest.xml:43:9-51:20
68            android:name="com.example.icecom_2019111635.MainActivity"
68-->src\main\AndroidManifest.xml:44:13-41
69            android:exported="true" >
69-->src\main\AndroidManifest.xml:45:13-36
70            <intent-filter>
70-->src\main\AndroidManifest.xml:46:13-50:29
71                <action android:name="android.intent.action.MAIN" />
71-->src\main\AndroidManifest.xml:47:17-69
71-->src\main\AndroidManifest.xml:47:25-66
72
73                <category android:name="android.intent.category.LAUNCHER" />
73-->src\main\AndroidManifest.xml:49:17-77
73-->src\main\AndroidManifest.xml:49:27-74
74            </intent-filter>
75        </activity>
76        <!-- Needs to be explicitly declared on P+ -->
77        <uses-library
77-->[com.google.android.gms:play-services-maps:18.0.0] AndroidManifest.xml:39:9-41:40
78            android:name="org.apache.http.legacy"
78-->[com.google.android.gms:play-services-maps:18.0.0] AndroidManifest.xml:40:13-50
79            android:required="false" />
79-->[com.google.android.gms:play-services-maps:18.0.0] AndroidManifest.xml:41:13-37
80
81        <activity
81-->[com.google.android.gms:play-services-base:17.0.0] AndroidManifest.xml:23:9-26:75
82            android:name="com.google.android.gms.common.api.GoogleApiActivity"
82-->[com.google.android.gms:play-services-base:17.0.0] AndroidManifest.xml:24:13-79
83            android:exported="false"
83-->[com.google.android.gms:play-services-base:17.0.0] AndroidManifest.xml:25:13-37
84            android:theme="@android:style/Theme.Translucent.NoTitleBar" />
84-->[com.google.android.gms:play-services-base:17.0.0] AndroidManifest.xml:26:13-72
85
86        <meta-data
86-->[com.google.android.gms:play-services-basement:17.0.0] AndroidManifest.xml:23:9-25:69
87            android:name="com.google.android.gms.version"
87-->[com.google.android.gms:play-services-basement:17.0.0] AndroidManifest.xml:24:13-58
88            android:value="@integer/google_play_services_version" />
88-->[com.google.android.gms:play-services-basement:17.0.0] AndroidManifest.xml:25:13-66
89
90        <provider
90-->[androidx.emoji2:emoji2:1.0.0] AndroidManifest.xml:26:9-34:20
91            android:name="androidx.startup.InitializationProvider"
91-->[androidx.emoji2:emoji2:1.0.0] AndroidManifest.xml:27:13-67
92            android:authorities="com.example.icecom_2019111635.androidx-startup"
92-->[androidx.emoji2:emoji2:1.0.0] AndroidManifest.xml:28:13-68
93            android:exported="false" >
93-->[androidx.emoji2:emoji2:1.0.0] AndroidManifest.xml:29:13-37
94            <meta-data
94-->[androidx.emoji2:emoji2:1.0.0] AndroidManifest.xml:31:13-33:52
95                android:name="androidx.emoji2.text.EmojiCompatInitializer"
95-->[androidx.emoji2:emoji2:1.0.0] AndroidManifest.xml:32:17-75
96                android:value="androidx.startup" />
96-->[androidx.emoji2:emoji2:1.0.0] AndroidManifest.xml:33:17-49
97            <meta-data
97-->[androidx.lifecycle:lifecycle-process:2.4.0] AndroidManifest.xml:31:13-33:52
98                android:name="androidx.lifecycle.ProcessLifecycleInitializer"
98-->[androidx.lifecycle:lifecycle-process:2.4.0] AndroidManifest.xml:32:17-78
99                android:value="androidx.startup" />
99-->[androidx.lifecycle:lifecycle-process:2.4.0] AndroidManifest.xml:33:17-49
100        </provider>
101    </application>
102
103</manifest>